0 info it worked if it ends with ok
1 verbose cli [ 'C:\\Program Files (x86)\\nodejs\\\\node.exe',
1 verbose cli   'C:\\Program Files (x86)\\nodejs\\node_modules\\npm\\bin\\npm-cli.js',
1 verbose cli   'run',
1 verbose cli   'watch' ]
2 info using npm@1.4.14
3 info using node@v0.10.29
4 verbose node symlink C:\Program Files (x86)\nodejs\\node.exe
5 verbose run-script [ 'prewatch', 'watch', 'postwatch' ]
6 info prewatch @
7 info watch @
8 verbose unsafe-perm in lifecycle true
9 info @ Failed to exec watch script
10 error @ watch: `gulp watch`
10 error Exit status 8
11 error Failed at the @ watch script.
11 error This is most likely a problem with the  package,
11 error not with npm itself.
11 error Tell the author that this fails on your system:
11 error     gulp watch
11 error You can get their info via:
11 error     npm owner ls
11 error There is likely additional logging output above.
12 error System Windows_NT 6.1.7601
13 error command "C:\\Program Files (x86)\\nodejs\\\\node.exe" "C:\\Program Files (x86)\\nodejs\\node_modules\\npm\\bin\\npm-cli.js" "run" "watch"
14 error cwd C:\share\NodeJS\HW1
15 error node -v v0.10.29
16 error npm -v 1.4.14
17 error code ELIFECYCLE
18 verbose exit [ 1, true ]
